Installing TAP on AWS US-EAST-2 (Ohio)
IAM: hn-eksClusterRole
Cluster name: tap-on-aws
OIDC endpoint: oidc.eks.us-east-2.amazonaws.com/id/AB6A14ADAC41CFF179F8E94CF1758547
TK: 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


Documents:
https://docs.vmware.com/en/VMware-Tanzu-Application-Platform/1.4/tap/install-aws-resources.html

Steps:

export AWS_ACCOUNT_ID=729418097271
export AWS_REGION=us-east-2
export EKS_CLUSTER_NAME=tap-on-aws

Create an EKS cluster
eksctl create cluster --name $EKS_CLUSTER_NAME --managed --region $AWS_REGION --instance-types t3.xlarge --version 1.25 --with-oidc -N 5

Creating the Amazon EBS CSI driver IAM role
#eksctl create iamserviceaccount \
#    --name ebs-csi-controller-sa \
#    --namespace kube-system \
#    --cluster tap-on-aws \
#    --role-name AmazonEKS_EBS_CSI_DriverRole \
#    --role-only \
#    --attach-policy-arn arn:aws:iam::aws:policy/service-role/AmazonEBSCSIDriverPolicy \
#    --approve

aws eks describe-cluster --name my-cluster --query "cluster.identity.oidc.issuer" --output text

aws iam create-role \
  --role-name AmazonEKS_EBS_CSI_DriverRole \
  --assume-role-policy-document file://"aws-ebs-csi-driver-trust-policy.json"


aws iam attach-role-policy \
  --policy-arn arn:aws:iam::aws:policy/service-role/AmazonEBSCSIDriverPolicy \
  --role-name AmazonEKS_EBS_CSI_DriverRole



Install EBS CSI driver
eksctl create addon --name aws-ebs-csi-driver --cluster tap-on-aws --service-account-role-arn arn:aws:iam::729418097271:role/AmazonEKS_EBS_CSI_DriverRole --force

Create the container repositories
A repository to store the Tanzu Application Platform service container images.
aws ecr create-repository --repository-name tap-images --region $AWS_REGION

A repository to store Tanzu Build Service Base OS and Buildpack container images.
aws ecr create-repository --repository-name tap-build-service --region $AWS_REGION

Create the workload container repositories
aws ecr create-repository --repository-name tanzu-application-platform/tanzu-java-web-app-default --region $AWS_REGION
aws ecr create-repository --repository-name tanzu-application-platform/tanzu-java-web-app-default-bundle --region $AWS_REGION

Create IAM roles
# Retrieve the OIDC endpoint from the Kubernetes cluster and store it for use in the policy.
export OIDCPROVIDER=$(aws eks describe-cluster --name $EKS_CLUSTER_NAME --region $AWS_REGION --output json | jq '.cluster.identity.oidc.issuer' | tr -d '"' | sed 's/https:\/\///')
cat << EOF > build-service-trust-policy.json
{
    "Version": "2012-10-17",
    "Statement": [
        {
            "Effect": "Allow",
            "Principal": {
                "Federated": "arn:aws:iam::${AWS_ACCOUNT_ID}:oidc-provider/${OIDCPROVIDER}"
            },
            "Action": "sts:AssumeRoleWithWebIdentity",
            "Condition": {
                "StringEquals": {
                    "${OIDCPROVIDER}:aud": "sts.amazonaws.com"
                },
                "StringLike": {
                    "${OIDCPROVIDER}:sub": [
                        "system:serviceaccount:kpack:controller",
                        "system:serviceaccount:build-service:dependency-updater-controller-serviceaccount"
                    ]
                }
            }
        }
    ]
}
EOF

cat << EOF > build-service-policy.json
{
    "Version": "2012-10-17",
    "Statement": [
        {
            "Action": [
                "ecr:DescribeRegistry",
                "ecr:GetAuthorizationToken",
                "ecr:GetRegistryPolicy",
                "ecr:PutRegistryPolicy",
                "ecr:PutReplicationConfiguration",
                "ecr:DeleteRegistryPolicy"
            ],
            "Resource": "*",
            "Effect": "Allow",
            "Sid": "TAPEcrBuildServiceGlobal"
        },
        {
            "Action": [
                "ecr:DescribeImages",
                "ecr:ListImages",
                "ecr:BatchCheckLayerAvailability",
                "ecr:BatchGetImage",
                "ecr:BatchGetRepositoryScanningConfiguration",
                "ecr:DescribeImageReplicationStatus",
                "ecr:DescribeImageScanFindings",
                "ecr:DescribeRepositories",
                "ecr:GetDownloadUrlForLayer",
                "ecr:GetLifecyclePolicy",
                "ecr:GetLifecyclePolicyPreview",
                "ecr:GetRegistryScanningConfiguration",
                "ecr:GetRepositoryPolicy",
                "ecr:ListTagsForResource",
                "ecr:TagResource",
                "ecr:UntagResource",
                "ecr:BatchDeleteImage",
                "ecr:BatchImportUpstreamImage",
                "ecr:CompleteLayerUpload",
                "ecr:CreatePullThroughCacheRule",
                "ecr:CreateRepository",
                "ecr:DeleteLifecyclePolicy",
                "ecr:DeletePullThroughCacheRule",
                "ecr:DeleteRepository",
                "ecr:InitiateLayerUpload",
                "ecr:PutImage",
                "ecr:PutImageScanningConfiguration",
                "ecr:PutImageTagMutability",
                "ecr:PutLifecyclePolicy",
                "ecr:PutRegistryScanningConfiguration",
                "ecr:ReplicateImage",
                "ecr:StartImageScan",
                "ecr:StartLifecyclePolicyPreview",
                "ecr:UploadLayerPart",
                "ecr:DeleteRepositoryPolicy",
                "ecr:SetRepositoryPolicy"
            ],
            "Resource": [
                "arn:aws:ecr:${AWS_REGION}:${AWS_ACCOUNT_ID}:repository/tap-build-service",
                "arn:aws:ecr:${AWS_REGION}:${AWS_ACCOUNT_ID}:repository/tap-images"
            ],
            "Effect": "Allow",
            "Sid": "TAPEcrBuildServiceScoped"
        }
    ]
}
EOF

cat << EOF > workload-policy.json
{
    "Version": "2012-10-17",
    "Statement": [
        {
            "Action": [
                "ecr:DescribeRegistry",
                "ecr:GetAuthorizationToken",
                "ecr:GetRegistryPolicy",
                "ecr:PutRegistryPolicy",
                "ecr:PutReplicationConfiguration",
                "ecr:DeleteRegistryPolicy"
            ],
            "Resource": "*",
            "Effect": "Allow",
            "Sid": "TAPEcrWorkloadGlobal"
        },
        {
            "Action": [
                "ecr:DescribeImages",
                "ecr:ListImages",
                "ecr:BatchCheckLayerAvailability",
                "ecr:BatchGetImage",
                "ecr:BatchGetRepositoryScanningConfiguration",
                "ecr:DescribeImageReplicationStatus",
                "ecr:DescribeImageScanFindings",
                "ecr:DescribeRepositories",
                "ecr:GetDownloadUrlForLayer",
                "ecr:GetLifecyclePolicy",
                "ecr:GetLifecyclePolicyPreview",
                "ecr:GetRegistryScanningConfiguration",
                "ecr:GetRepositoryPolicy",
                "ecr:ListTagsForResource",
                "ecr:TagResource",
                "ecr:UntagResource",
                "ecr:BatchDeleteImage",
                "ecr:BatchImportUpstreamImage",
                "ecr:CompleteLayerUpload",
                "ecr:CreatePullThroughCacheRule",
                "ecr:CreateRepository",
                "ecr:DeleteLifecyclePolicy",
                "ecr:DeletePullThroughCacheRule",
                "ecr:DeleteRepository",
                "ecr:InitiateLayerUpload",
                "ecr:PutImage",
                "ecr:PutImageScanningConfiguration",
                "ecr:PutImageTagMutability",
                "ecr:PutLifecyclePolicy",
                "ecr:PutRegistryScanningConfiguration",
                "ecr:ReplicateImage",
                "ecr:StartImageScan",
                "ecr:StartLifecyclePolicyPreview",
                "ecr:UploadLayerPart",
                "ecr:DeleteRepositoryPolicy",
                "ecr:SetRepositoryPolicy"
            ],
            "Resource": [
                "arn:aws:ecr:${AWS_REGION}:${AWS_ACCOUNT_ID}:repository/tap-build-service",
                "arn:aws:ecr:${AWS_REGION}:${AWS_ACCOUNT_ID}:repository/tanzu-application-platform/tanzu-java-web-app",
                "arn:aws:ecr:${AWS_REGION}:${AWS_ACCOUNT_ID}:repository/tanzu-application-platform/tanzu-java-web-app-bundle",
                "arn:aws:ecr:${AWS_REGION}:${AWS_ACCOUNT_ID}:repository/tanzu-application-platform",
                "arn:aws:ecr:${AWS_REGION}:${AWS_ACCOUNT_ID}:repository/tanzu-application-platform/*"
            ],
            "Effect": "Allow",
            "Sid": "TAPEcrWorkloadScoped"
        }
    ]
}
EOF

cat << EOF > workload-trust-policy.json
{
    "Version": "2012-10-17",
    "Statement": [
        {
            "Effect": "Allow",
            "Principal": {
                "Federated": "arn:aws:iam::${AWS_ACCOUNT_ID}:oidc-provider/${OIDCPROVIDER}"
            },
            "Action": "sts:AssumeRoleWithWebIdentity",
            "Condition": {
                "StringEquals": {
                    "${OIDCPROVIDER}:sub": "system:serviceaccount:default:default",
                    "${OIDCPROVIDER}:aud": "sts.amazonaws.com"
                }
            }
        }
    ]
}
EOF


# Create the Tanzu Build Service Role
aws iam create-role --role-name tap-build-service --assume-role-policy-document file://build-service-trust-policy.json
# Attach the Policy to the Build Role
aws iam put-role-policy --role-name tap-build-service --policy-name tapBuildServicePolicy --policy-document file://build-service-policy.json

# Create the Workload Role
aws iam create-role --role-name tap-workload --assume-role-policy-document file://workload-trust-policy.json
# Attach the Policy to the Workload Role
aws iam put-role-policy --role-name tap-workload --policy-name tapWorkload --policy-document file://workload-policy.json


Deploying Cluster Essentials v1.4.2

mkdir $HOME/tanzu-cluster-essentials
tar -xvf DOWNLOADED-CLUSTER-ESSENTIALS-BUNDLE -C $HOME/tanzu-cluster-essentials

Deploy onto cluster
k ctx tap-on-aws

On macOS or Linux:
export INSTALL_BUNDLE=registry.tanzu.vmware.com/tanzu-cluster-essentials/cluster-essentials-bundle@sha256:a119cb90111379a5f91d27ae572a0de860dd7322179ab856fb32c45be95d78f5
export INSTALL_REGISTRY_HOSTNAME=registry.tanzu.vmware.com
export INSTALL_REGISTRY_USERNAME=hnicolau@vmware.com
export INSTALL_REGISTRY_PASSWORD=Noinalcil25$
cd $HOME/tanzu-cluster-essentials
./install.sh --yes


Relocate images to a registry
docker login registry.tanzu.vmware.com


export AWS_ACCOUNT_ID=729418097271
export AWS_REGION=us-east-2
export TAP_VERSION=1.4.6
export INSTALL_REGISTRY_HOSTNAME=$AWS_ACCOUNT_ID.dkr.ecr.$AWS_REGION.amazonaws.com
export INSTALL_REPO=tap-images


imgpkg copy --concurrency 1 -b registry.tanzu.vmware.com/tanzu-application-platform/tap-packages:${TAP_VERSION} --to-repo ${INSTALL_REGISTRY_HOSTNAME}/${INSTALL_REPO}

kubectl create ns tap-install

tanzu package repository add tanzu-tap-repository \
  --url ${INSTALL_REGISTRY_HOSTNAME}/${INSTALL_REPO}:$TAP_VERSION \
  --namespace tap-install


tanzu package repository get tanzu-tap-repository --namespace tap-install


tanzu package installed update tap --package-name tap.tanzu.vmware.com --version $TAP_VERSION \
--values-file tap-values.yaml -n tap-install


I had to create a Cname record and A record on my GoDaddy domain - fitechsolutions.org
CNAME | * | fitechsolutions.org
A Record | @ | AWS LB IPs

Using Namespace Provisioner Controller

kubectl create namespace hn-dev
kubectl label namespaces hn-dev apps.tanzu.vmware.com/tap-ns=""
kubectl get secrets,serviceaccount,rolebinding,pods,workload,configmap -n hn-dev

cat <<EOF | kubectl -n hn-dev apply -f -
apiVersion: v1
kind: ServiceAccount
metadata:
  name: default
  annotations:
    eks.amazonaws.com/role-arn: "arn:aws:iam::${AWS_ACCOUNT_ID}:role/tap-workload"
---
apiVersion: rbac.authorization.k8s.io/v1
kind: RoleBinding
metadata:
  name: default-permit-deliverable
roleRef:
  apiGroup: rbac.authorization.k8s.io
  kind: ClusterRole
  name: deliverable
subjects:
  - kind: ServiceAccount
    name: default
---
apiVersion: rbac.authorization.k8s.io/v1
kind: RoleBinding
metadata:
  name: default-permit-workload
roleRef:
  apiGroup: rbac.authorization.k8s.io
  kind: ClusterRole
  name: workload
subjects:
  - kind: ServiceAccount
    name: default
EOF


GitHub developer settings.
https://github.com/settings/developers
    Application name: tap-app
    Homepage URL: 
    Application description
    Authorization callback URL: https://tap-gui.fitechsolutions.org

Github:
      development:
        clientId: 3519b23ed83d54471da3
        clientSecret: 9a0a2dac507c73778dcb6a795bd2b5981a06d4f8



tap_gui:
  app_config:
    customize:
      custom_name: "Bank Of America TAP POC"
    integrations:
      github:
        - host: github.com
    auth:
      environment: development
      providers:
        github:
          development:
            clientId: 3519b23ed83d54471da3
            clientSecret: 9a0a2dac507c73778dcb6a795bd2b5981a06d4f8

Create the workload
tanzu apps workload create tanzu-java-web-app \
  --git-repo https://github.com/vmware-tanzu/application-accelerator-samples \
  --sub-path tanzu-java-web-app \
  --git-branch main \
  --type web \
  --label app.kubernetes.io/part-of=tanzu-java-web-app \
  --yes \
  --namespace hn-dev


tanzu apps workload create tanzu-java-web-app   --git-repo https://github.com/vmware-tanzu/application-accelerator-samples   --sub-path tanzu-java-web-app   --git-branch main   --type web   --label app.kubernetes.io/part-of=tanzu-java-web-app   --yes   --namespace hn-dev



tanzu apps workload tail tanzu-java-web-app --namespace hn-dev --timestamp --since 1h
tanzu apps workload list -A
tanzu apps workload delete tanzu-java-web-app -n hn-dev


cat <<EOF | kubectl -n hn-dev apply -f -
apiVersion: v1
kind: Secret
metadata:
  name: tap-registry
  annotations:
    secretgen.carvel.dev/image-pull-secret: ""
type: kubernetes.io/dockerconfigjson
data:
  .dockerconfigjson: e30K
---
apiVersion: v1
kind: ServiceAccount
metadata:
  name: default
secrets:
  - name: registry-credentials
imagePullSecrets:
  - name: registry-credentials
  - name: tap-registry
---
apiVersion: rbac.authorization.k8s.io/v1
kind: RoleBinding
metadata:
  name: default-permit-deliverable
roleRef:
  apiGroup: rbac.authorization.k8s.io
  kind: ClusterRole
  name: deliverable
subjects:
  - kind: ServiceAccount
    name: default
---
apiVersion: rbac.authorization.k8s.io/v1
kind: RoleBinding
metadata:
  name: default-permit-workload
roleRef:
  apiGroup: rbac.authorization.k8s.io
  kind: ClusterRole
  name: workload
subjects:
  - kind: ServiceAccount
    name: default
EOF

cat <<EOF | kubectl -n hn-dev apply -f -
apiVersion: v1
kind: ServiceAccount
metadata:
  name: default
  annotations:
    eks.amazonaws.com/role-arn: "arn:aws:iam::${AWS_ACCOUNT_ID}:role/tap-workload"
imagePullSecrets:
  - name: tap-registry
EOF


